<?xml version="1.0" encoding="UTF-8"?>
<testsuite name="it.unicam.cs.pa2122.TomaMatteo116781.model.DefaultPlaneTest" tests="9" skipped="0" failures="0" errors="0" timestamp="2022-08-12T11:11:42" hostname="LAPTOP-OK1UH1OH" time="0.358">
  <properties/>
  <testcase name="pointsShouldBePartOfPlane()" classname="it.unicam.cs.pa2122.TomaMatteo116781.model.DefaultPlaneTest" time="0.036"/>
  <testcase name="oneClosedAreaShouldBeGeneratedTest()" classname="it.unicam.cs.pa2122.TomaMatteo116781.model.DefaultPlaneTest" time="0.134"/>
  <testcase name="NullPointerExceptionShouldBeThrown()" classname="it.unicam.cs.pa2122.TomaMatteo116781.model.DefaultPlaneTest" time="0.001"/>
  <testcase name="noAreasShouldBeGenerated()" classname="it.unicam.cs.pa2122.TomaMatteo116781.model.DefaultPlaneTest" time="0.013"/>
  <testcase name="linesShouldBeGenerated()" classname="it.unicam.cs.pa2122.TomaMatteo116781.model.DefaultPlaneTest" time="0.029"/>
  <testcase name="planeShouldBeCreated()" classname="it.unicam.cs.pa2122.TomaMatteo116781.model.DefaultPlaneTest" time="0.006"/>
  <testcase name="someClosedAreaShouldBeGenerated()" classname="it.unicam.cs.pa2122.TomaMatteo116781.model.DefaultPlaneTest" time="0.086"/>
  <testcase name="linesNotShouldBePartOfClosedArea()" classname="it.unicam.cs.pa2122.TomaMatteo116781.model.DefaultPlaneTest" time="0.046"/>
  <testcase name="IllegalArgumentExceptionShouldBeThrown()" classname="it.unicam.cs.pa2122.TomaMatteo116781.model.DefaultPlaneTest" time="0.001"/>
  <system-out><![CDATA[]]></system-out>
  <system-err><![CDATA[ago 12, 2022 1:11:42 PM it.unicam.cs.pa2122.TomaMatteo116781.model.interfaces.Instruction checkCursorAtBorder
INFO: Posizione attuale del cursore POINT(250.0,300.0)
ago 12, 2022 1:11:42 PM it.unicam.cs.pa2122.TomaMatteo116781.model.interfaces.Instruction move
INFO: Linea creata: L{ POINT(250.0,250.0) , POINT(250.0,300.0) color = RGBColors{r=0, g=0, b=0} } 
ago 12, 2022 1:11:42 PM it.unicam.cs.pa2122.TomaMatteo116781.model.interfaces.Instruction checkCursorAtBorder
INFO: Posizione attuale del cursore POINT(200.0,300.0)
ago 12, 2022 1:11:42 PM it.unicam.cs.pa2122.TomaMatteo116781.model.interfaces.Instruction move
INFO: Linea creata: L{ POINT(250.0,300.0) , POINT(200.0,300.0) color = RGBColors{r=0, g=0, b=0} } 
ago 12, 2022 1:11:42 PM it.unicam.cs.pa2122.TomaMatteo116781.model.interfaces.Instruction checkCursorAtBorder
INFO: Posizione attuale del cursore POINT(200.0,250.0)
ago 12, 2022 1:11:42 PM it.unicam.cs.pa2122.TomaMatteo116781.model.interfaces.Instruction move
INFO: Linea creata: L{ POINT(200.0,300.0) , POINT(200.0,250.0) color = RGBColors{r=0, g=0, b=0} } 
ago 12, 2022 1:11:42 PM it.unicam.cs.pa2122.TomaMatteo116781.model.interfaces.Instruction checkCursorAtBorder
INFO: Posizione attuale del cursore POINT(250.0,250.0)
ago 12, 2022 1:11:42 PM it.unicam.cs.pa2122.TomaMatteo116781.model.DefaultPlane addLine
INFO: Generated closed area: AREA{ lines= 
L{ POINT(250.0,250.0) , POINT(250.0,300.0) color = RGBColors{r=0, g=0, b=0} } 
L{ POINT(250.0,300.0) , POINT(200.0,300.0) color = RGBColors{r=0, g=0, b=0} } 
L{ POINT(200.0,300.0) , POINT(200.0,250.0) color = RGBColors{r=0, g=0, b=0} } 
L{ POINT(200.0,250.0) , POINT(250.0,250.0) color = RGBColors{r=0, g=0, b=0} } 
, color= RGBColors{r=255, g=255, b=255} }
ago 12, 2022 1:11:42 PM it.unicam.cs.pa2122.TomaMatteo116781.model.interfaces.Instruction move
INFO: Linea creata: L{ POINT(200.0,250.0) , POINT(250.0,250.0) color = RGBColors{r=0, g=0, b=0} } 
ago 12, 2022 1:11:42 PM it.unicam.cs.pa2122.TomaMatteo116781.model.interfaces.Instruction checkCursorAtBorder
INFO: Posizione attuale del cursore POINT(600.0,500.0)
ago 12, 2022 1:11:42 PM it.unicam.cs.pa2122.TomaMatteo116781.model.interfaces.Instruction move
INFO: Linea creata: L{ POINT(500.0,500.0) , POINT(600.0,500.0) color = RGBColors{r=0, g=0, b=0} } 
ago 12, 2022 1:11:42 PM it.unicam.cs.pa2122.TomaMatteo116781.model.interfaces.Instruction checkCursorAtBorder
INFO: Posizione attuale del cursore POINT(0.0,5.0)
ago 12, 2022 1:11:42 PM it.unicam.cs.pa2122.TomaMatteo116781.model.interfaces.Instruction move
INFO: Cursore mosso dalla posizione vecchiaPOINT(5.0,5.0) a quella nuova POINT(0.0,5.0)
ago 12, 2022 1:11:42 PM it.unicam.cs.pa2122.TomaMatteo116781.model.interfaces.Instruction checkCursorAtBorder
INFO: Posizione attuale del cursore POINT(0.0,4.0)
ago 12, 2022 1:11:42 PM it.unicam.cs.pa2122.TomaMatteo116781.model.interfaces.Instruction move
INFO: Cursore mosso dalla posizione vecchiaPOINT(0.0,5.0) a quella nuova POINT(0.0,4.0)
ago 12, 2022 1:11:42 PM it.unicam.cs.pa2122.TomaMatteo116781.model.interfaces.Instruction checkCursorAtBorder
INFO: Posizione attuale del cursore POINT(6.0,4.0)
ago 12, 2022 1:11:42 PM it.unicam.cs.pa2122.TomaMatteo116781.model.interfaces.Instruction move
INFO: Linea creata: L{ POINT(0.0,4.0) , POINT(6.0,4.0) color = RGBColors{r=0, g=0, b=0} } 
ago 12, 2022 1:11:42 PM it.unicam.cs.pa2122.TomaMatteo116781.model.interfaces.Instruction checkCursorAtBorder
INFO: Punto d'intersezione:  Optional[POINT(6.0,9.0)]
ago 12, 2022 1:11:42 PM it.unicam.cs.pa2122.TomaMatteo116781.model.interfaces.Instruction checkCursorAtBorder
INFO: Posizione attuale del cursore POINT(6.0,9.0)
ago 12, 2022 1:11:42 PM it.unicam.cs.pa2122.TomaMatteo116781.model.interfaces.Instruction move
INFO: Linea creata: L{ POINT(6.0,4.0) , POINT(6.0,9.0) color = RGBColors{r=0, g=0, b=0} } 
ago 12, 2022 1:11:42 PM it.unicam.cs.pa2122.TomaMatteo116781.model.interfaces.Instruction checkCursorAtBorder
INFO: Posizione attuale del cursore POINT(510.0,500.0)
ago 12, 2022 1:11:42 PM it.unicam.cs.pa2122.TomaMatteo116781.model.interfaces.Instruction move
INFO: Linea creata: L{ POINT(500.0,500.0) , POINT(510.0,500.0) color = RGBColors{r=0, g=0, b=0} } 
ago 12, 2022 1:11:42 PM it.unicam.cs.pa2122.TomaMatteo116781.model.interfaces.Instruction checkCursorAtBorder
INFO: Posizione attuale del cursore POINT(510.0,490.0)
ago 12, 2022 1:11:42 PM it.unicam.cs.pa2122.TomaMatteo116781.model.interfaces.Instruction move
INFO: Linea creata: L{ POINT(510.0,500.0) , POINT(510.0,490.0) color = RGBColors{r=0, g=0, b=0} } 
ago 12, 2022 1:11:42 PM it.unicam.cs.pa2122.TomaMatteo116781.model.interfaces.Instruction checkCursorAtBorder
INFO: Posizione attuale del cursore POINT(500.0,490.0)
ago 12, 2022 1:11:42 PM it.unicam.cs.pa2122.TomaMatteo116781.model.interfaces.Instruction move
INFO: Linea creata: L{ POINT(510.0,490.0) , POINT(500.0,490.0) color = RGBColors{r=0, g=0, b=0} } 
ago 12, 2022 1:11:42 PM it.unicam.cs.pa2122.TomaMatteo116781.model.interfaces.Instruction checkCursorAtBorder
INFO: Posizione attuale del cursore POINT(500.0,500.0)
ago 12, 2022 1:11:42 PM it.unicam.cs.pa2122.TomaMatteo116781.model.DefaultPlane addLine
INFO: Generated closed area: AREA{ lines= 
L{ POINT(500.0,500.0) , POINT(510.0,500.0) color = RGBColors{r=0, g=0, b=0} } 
L{ POINT(510.0,500.0) , POINT(510.0,490.0) color = RGBColors{r=0, g=0, b=0} } 
L{ POINT(510.0,490.0) , POINT(500.0,490.0) color = RGBColors{r=0, g=0, b=0} } 
L{ POINT(500.0,490.0) , POINT(500.0,500.0) color = RGBColors{r=0, g=0, b=0} } 
, color= RGBColors{r=255, g=255, b=255} }
ago 12, 2022 1:11:42 PM it.unicam.cs.pa2122.TomaMatteo116781.model.interfaces.Instruction move
INFO: Linea creata: L{ POINT(500.0,490.0) , POINT(500.0,500.0) color = RGBColors{r=0, g=0, b=0} } 
ago 12, 2022 1:11:42 PM it.unicam.cs.pa2122.TomaMatteo116781.model.interfaces.Instruction checkCursorAtBorder
INFO: Posizione attuale del cursore POINT(500.0,600.0)
ago 12, 2022 1:11:42 PM it.unicam.cs.pa2122.TomaMatteo116781.model.interfaces.Instruction move
INFO: Cursore mosso dalla posizione vecchiaPOINT(500.0,500.0) a quella nuova POINT(500.0,600.0)
ago 12, 2022 1:11:42 PM it.unicam.cs.pa2122.TomaMatteo116781.model.interfaces.Instruction checkCursorAtBorder
INFO: Posizione attuale del cursore POINT(500.0,610.0)
ago 12, 2022 1:11:42 PM it.unicam.cs.pa2122.TomaMatteo116781.model.interfaces.Instruction move
INFO: Linea creata: L{ POINT(500.0,600.0) , POINT(500.0,610.0) color = RGBColors{r=0, g=0, b=0} } 
ago 12, 2022 1:11:42 PM it.unicam.cs.pa2122.TomaMatteo116781.model.interfaces.Instruction checkCursorAtBorder
INFO: Posizione attuale del cursore POINT(510.0,610.0)
ago 12, 2022 1:11:42 PM it.unicam.cs.pa2122.TomaMatteo116781.model.interfaces.Instruction move
INFO: Linea creata: L{ POINT(500.0,610.0) , POINT(510.0,610.0) color = RGBColors{r=0, g=0, b=0} } 
ago 12, 2022 1:11:42 PM it.unicam.cs.pa2122.TomaMatteo116781.model.interfaces.Instruction checkCursorAtBorder
INFO: Posizione attuale del cursore POINT(510.0,600.0)
ago 12, 2022 1:11:42 PM it.unicam.cs.pa2122.TomaMatteo116781.model.interfaces.Instruction move
INFO: Linea creata: L{ POINT(510.0,610.0) , POINT(510.0,600.0) color = RGBColors{r=0, g=0, b=0} } 
ago 12, 2022 1:11:42 PM it.unicam.cs.pa2122.TomaMatteo116781.model.interfaces.Instruction checkCursorAtBorder
INFO: Posizione attuale del cursore POINT(500.0,600.0)
ago 12, 2022 1:11:42 PM it.unicam.cs.pa2122.TomaMatteo116781.model.DefaultPlane addLine
INFO: Generated closed area: AREA{ lines= 
L{ POINT(500.0,600.0) , POINT(500.0,610.0) color = RGBColors{r=0, g=0, b=0} } 
L{ POINT(500.0,610.0) , POINT(510.0,610.0) color = RGBColors{r=0, g=0, b=0} } 
L{ POINT(510.0,610.0) , POINT(510.0,600.0) color = RGBColors{r=0, g=0, b=0} } 
L{ POINT(510.0,600.0) , POINT(500.0,600.0) color = RGBColors{r=0, g=0, b=0} } 
, color= RGBColors{r=255, g=255, b=255} }
ago 12, 2022 1:11:42 PM it.unicam.cs.pa2122.TomaMatteo116781.model.interfaces.Instruction move
INFO: Linea creata: L{ POINT(510.0,600.0) , POINT(500.0,600.0) color = RGBColors{r=0, g=0, b=0} } 
ago 12, 2022 1:11:42 PM it.unicam.cs.pa2122.TomaMatteo116781.model.interfaces.Instruction checkCursorAtBorder
INFO: Posizione attuale del cursore POINT(700.0,600.0)
ago 12, 2022 1:11:42 PM it.unicam.cs.pa2122.TomaMatteo116781.model.interfaces.Instruction move
INFO: Cursore mosso dalla posizione vecchiaPOINT(500.0,600.0) a quella nuova POINT(700.0,600.0)
ago 12, 2022 1:11:42 PM it.unicam.cs.pa2122.TomaMatteo116781.model.interfaces.Instruction checkCursorAtBorder
INFO: Posizione attuale del cursore POINT(700.0,550.0)
ago 12, 2022 1:11:42 PM it.unicam.cs.pa2122.TomaMatteo116781.model.interfaces.Instruction move
INFO: Linea creata: L{ POINT(700.0,600.0) , POINT(700.0,550.0) color = RGBColors{r=0, g=0, b=0} } 
ago 12, 2022 1:11:42 PM it.unicam.cs.pa2122.TomaMatteo116781.model.interfaces.Instruction checkCursorAtBorder
INFO: Posizione attuale del cursore POINT(656.7,575.0)
ago 12, 2022 1:11:42 PM it.unicam.cs.pa2122.TomaMatteo116781.model.interfaces.Instruction move
INFO: Linea creata: L{ POINT(700.0,550.0) , POINT(656.7,575.0) color = RGBColors{r=0, g=0, b=0} } 
ago 12, 2022 1:11:42 PM it.unicam.cs.pa2122.TomaMatteo116781.model.interfaces.Instruction checkCursorAtBorder
INFO: Posizione attuale del cursore POINT(700.0,600.0)
ago 12, 2022 1:11:42 PM it.unicam.cs.pa2122.TomaMatteo116781.model.DefaultPlane addLine
INFO: Generated closed area: AREA{ lines= 
L{ POINT(700.0,600.0) , POINT(700.0,550.0) color = RGBColors{r=0, g=0, b=0} } 
L{ POINT(700.0,550.0) , POINT(656.7,575.0) color = RGBColors{r=0, g=0, b=0} } 
L{ POINT(656.7,575.0) , POINT(700.0,600.0) color = RGBColors{r=0, g=0, b=0} } 
, color= RGBColors{r=255, g=255, b=255} }
ago 12, 2022 1:11:42 PM it.unicam.cs.pa2122.TomaMatteo116781.model.interfaces.Instruction move
INFO: Linea creata: L{ POINT(656.7,575.0) , POINT(700.0,600.0) color = RGBColors{r=0, g=0, b=0} } 
ago 12, 2022 1:11:42 PM it.unicam.cs.pa2122.TomaMatteo116781.model.interfaces.Instruction checkCursorAtBorder
INFO: Posizione attuale del cursore POINT(550.0,500.0)
ago 12, 2022 1:11:42 PM it.unicam.cs.pa2122.TomaMatteo116781.model.interfaces.Instruction move
INFO: Linea creata: L{ POINT(500.0,500.0) , POINT(550.0,500.0) color = RGBColors{r=0, g=0, b=0} } 
ago 12, 2022 1:11:42 PM it.unicam.cs.pa2122.TomaMatteo116781.model.interfaces.Instruction checkCursorAtBorder
INFO: Posizione attuale del cursore POINT(550.0,450.0)
ago 12, 2022 1:11:42 PM it.unicam.cs.pa2122.TomaMatteo116781.model.interfaces.Instruction move
INFO: Linea creata: L{ POINT(550.0,500.0) , POINT(550.0,450.0) color = RGBColors{r=0, g=0, b=0} } 
ago 12, 2022 1:11:42 PM it.unicam.cs.pa2122.TomaMatteo116781.model.interfaces.Instruction checkCursorAtBorder
INFO: Posizione attuale del cursore POINT(500.0,450.0)
ago 12, 2022 1:11:42 PM it.unicam.cs.pa2122.TomaMatteo116781.model.interfaces.Instruction move
INFO: Linea creata: L{ POINT(550.0,450.0) , POINT(500.0,450.0) color = RGBColors{r=0, g=0, b=0} } 
ago 12, 2022 1:11:42 PM it.unicam.cs.pa2122.TomaMatteo116781.model.interfaces.Instruction checkCursorAtBorder
INFO: Posizione attuale del cursore POINT(500.0,500.0)
ago 12, 2022 1:11:42 PM it.unicam.cs.pa2122.TomaMatteo116781.model.DefaultPlane addLine
INFO: Generated closed area: AREA{ lines= 
L{ POINT(500.0,500.0) , POINT(550.0,500.0) color = RGBColors{r=0, g=0, b=0} } 
L{ POINT(550.0,500.0) , POINT(550.0,450.0) color = RGBColors{r=0, g=0, b=0} } 
L{ POINT(550.0,450.0) , POINT(500.0,450.0) color = RGBColors{r=0, g=0, b=0} } 
L{ POINT(500.0,450.0) , POINT(500.0,500.0) color = RGBColors{r=0, g=0, b=0} } 
, color= RGBColors{r=255, g=0, b=0} }
ago 12, 2022 1:11:42 PM it.unicam.cs.pa2122.TomaMatteo116781.model.interfaces.Instruction move
INFO: Linea creata: L{ POINT(500.0,450.0) , POINT(500.0,500.0) color = RGBColors{r=0, g=0, b=0} } 
ago 12, 2022 1:11:42 PM it.unicam.cs.pa2122.TomaMatteo116781.model.interfaces.Instruction checkCursorAtBorder
INFO: Posizione attuale del cursore POINT(550.0,500.0)
ago 12, 2022 1:11:42 PM it.unicam.cs.pa2122.TomaMatteo116781.model.interfaces.Instruction move
INFO: Linea creata: L{ POINT(500.0,500.0) , POINT(550.0,500.0) color = RGBColors{r=0, g=0, b=0} } 
ago 12, 2022 1:11:42 PM it.unicam.cs.pa2122.TomaMatteo116781.model.interfaces.Instruction checkCursorAtBorder
INFO: Posizione attuale del cursore POINT(550.0,450.0)
ago 12, 2022 1:11:42 PM it.unicam.cs.pa2122.TomaMatteo116781.model.interfaces.Instruction move
INFO: Linea creata: L{ POINT(550.0,500.0) , POINT(550.0,450.0) color = RGBColors{r=0, g=0, b=0} } 
ago 12, 2022 1:11:42 PM it.unicam.cs.pa2122.TomaMatteo116781.model.interfaces.Instruction checkCursorAtBorder
INFO: Posizione attuale del cursore POINT(500.0,450.0)
ago 12, 2022 1:11:42 PM it.unicam.cs.pa2122.TomaMatteo116781.model.interfaces.Instruction move
INFO: Linea creata: L{ POINT(550.0,450.0) , POINT(500.0,450.0) color = RGBColors{r=0, g=0, b=0} } 
ago 12, 2022 1:11:42 PM it.unicam.cs.pa2122.TomaMatteo116781.model.interfaces.Instruction checkCursorAtBorder
INFO: Posizione attuale del cursore POINT(500.0,500.0)
ago 12, 2022 1:11:42 PM it.unicam.cs.pa2122.TomaMatteo116781.model.interfaces.Instruction move
INFO: Linea creata: L{ POINT(500.0,450.0) , POINT(500.0,500.0) color = RGBColors{r=0, g=0, b=0} } 
]]></system-err>
</testsuite>
