<?xml version="1.0" encoding="UTF-8"?>
<testsuite name="it.unicam.cs.pa2122.TomaMatteo116781.model.InstructionTest" tests="12" skipped="0" failures="0" errors="0" timestamp="2022-08-16T13:25:46" hostname="LAPTOP-OK1UH1OH" time="0.237">
  <properties/>
  <testcase name="fillColorShouldBeChanged()" classname="it.unicam.cs.pa2122.TomaMatteo116781.model.InstructionTest" time="0.031"/>
  <testcase name="cursorShouldBackwardInPlane()" classname="it.unicam.cs.pa2122.TomaMatteo116781.model.InstructionTest" time="0.03"/>
  <testcase name="screenColorShouldBeChanged()" classname="it.unicam.cs.pa2122.TomaMatteo116781.model.InstructionTest" time="0.006"/>
  <testcase name="penSizeShouldBeChanged()" classname="it.unicam.cs.pa2122.TomaMatteo116781.model.InstructionTest" time="0.007"/>
  <testcase name="penColorShouldBeChanged()" classname="it.unicam.cs.pa2122.TomaMatteo116781.model.InstructionTest" time="0.012"/>
  <testcase name="screenShouldBeCleaned()" classname="it.unicam.cs.pa2122.TomaMatteo116781.model.InstructionTest" time="0.019"/>
  <testcase name="cursorShouldBeMovedToHomeInPlane()" classname="it.unicam.cs.pa2122.TomaMatteo116781.model.InstructionTest" time="0.01"/>
  <testcase name="RedSquareShouldBeCreated()" classname="it.unicam.cs.pa2122.TomaMatteo116781.model.InstructionTest" time="0.038"/>
  <testcase name="cursorDirectionShouldBeChanged()" classname="it.unicam.cs.pa2122.TomaMatteo116781.model.InstructionTest" time="0.008"/>
  <testcase name="penShouldBeUpAndDown()" classname="it.unicam.cs.pa2122.TomaMatteo116781.model.InstructionTest" time="0.013"/>
  <testcase name="IllegalArgumentExceptionShouldBeThrown()" classname="it.unicam.cs.pa2122.TomaMatteo116781.model.InstructionTest" time="0.023"/>
  <testcase name="cursorShouldForwardInPlane()" classname="it.unicam.cs.pa2122.TomaMatteo116781.model.InstructionTest" time="0.031"/>
  <system-out><![CDATA[]]></system-out>
  <system-err><![CDATA[ago 16, 2022 3:25:46 PM it.unicam.cs.pa2122.TomaMatteo116781.model.interfaces.Instruction checkCursorAtBorder
INFO: Posizione attuale del cursore POINT(250.0,450.0)
ago 16, 2022 3:25:46 PM it.unicam.cs.pa2122.TomaMatteo116781.model.interfaces.Instruction move
INFO: Linea creata: L{ POINT(250.0,500.0) , POINT(250.0,450.0) color = 0 0 0 } 
ago 16, 2022 3:25:46 PM it.unicam.cs.pa2122.TomaMatteo116781.model.interfaces.Instruction checkCursorAtBorder
INFO: Posizione attuale del cursore POINT(206.7,475.0)
ago 16, 2022 3:25:46 PM it.unicam.cs.pa2122.TomaMatteo116781.model.interfaces.Instruction move
INFO: Linea creata: L{ POINT(250.0,450.0) , POINT(206.7,475.0) color = 0 0 0 } 
ago 16, 2022 3:25:46 PM it.unicam.cs.pa2122.TomaMatteo116781.model.interfaces.Instruction checkCursorAtBorder
INFO: Posizione attuale del cursore POINT(250.0,500.0)
ago 16, 2022 3:25:46 PM it.unicam.cs.pa2122.TomaMatteo116781.model.DefaultPlane addLine
INFO: Generated closed area: AREA{ lines= 
L{ POINT(250.0,500.0) , POINT(250.0,450.0) color = 0 0 0 } 
L{ POINT(250.0,450.0) , POINT(206.7,475.0) color = 0 0 0 } 
L{ POINT(206.7,475.0) , POINT(250.0,500.0) color = 0 0 0 } 
, color= 0 255 0 }
ago 16, 2022 3:25:46 PM it.unicam.cs.pa2122.TomaMatteo116781.model.interfaces.Instruction move
INFO: Linea creata: L{ POINT(206.7,475.0) , POINT(250.0,500.0) color = 0 0 0 } 
ago 16, 2022 3:25:46 PM it.unicam.cs.pa2122.TomaMatteo116781.model.interfaces.Instruction checkCursorAtBorder
INFO: Posizione attuale del cursore POINT(73.84,226.16)
ago 16, 2022 3:25:46 PM it.unicam.cs.pa2122.TomaMatteo116781.model.interfaces.Instruction move
INFO: Linea creata: L{ POINT(100.0,200.0) , POINT(73.84,226.16) color = 0 0 0 } 
ago 16, 2022 3:25:46 PM it.unicam.cs.pa2122.TomaMatteo116781.model.interfaces.Instruction checkCursorAtBorder
INFO: Posizione attuale del cursore POINT(88.69,241.01)
ago 16, 2022 3:25:46 PM it.unicam.cs.pa2122.TomaMatteo116781.model.interfaces.Instruction move
INFO: Linea creata: L{ POINT(73.84,226.16) , POINT(88.69,241.01) color = 0 0 0 } 
ago 16, 2022 3:25:46 PM it.unicam.cs.pa2122.TomaMatteo116781.model.interfaces.Instruction checkCursorAtBorder
INFO: Posizione attuale del cursore POINT(73.84,226.16)
ago 16, 2022 3:25:47 PM it.unicam.cs.pa2122.TomaMatteo116781.model.interfaces.Instruction move
INFO: Linea creata: L{ POINT(88.69,241.01) , POINT(73.84,226.16) color = 0 0 0 } 
ago 16, 2022 3:25:47 PM it.unicam.cs.pa2122.TomaMatteo116781.model.interfaces.Instruction checkCursorAtBorder
INFO: Posizione attuale del cursore POINT(102.12,254.44)
ago 16, 2022 3:25:47 PM it.unicam.cs.pa2122.TomaMatteo116781.model.interfaces.Instruction move
INFO: Linea creata: L{ POINT(73.84,226.16) , POINT(102.12,254.44) color = 0 0 0 } 
ago 16, 2022 3:25:47 PM it.unicam.cs.pa2122.TomaMatteo116781.model.interfaces.Instruction checkCursorAtBorder
INFO: Posizione attuale del cursore POINT(102.12,254.44)
ago 16, 2022 3:25:47 PM it.unicam.cs.pa2122.TomaMatteo116781.model.interfaces.Instruction move
INFO: Linea creata: L{ POINT(102.12,254.44) , POINT(102.12,254.44) color = 0 0 0 } 
ago 16, 2022 3:25:47 PM it.unicam.cs.pa2122.TomaMatteo116781.model.DefaultPlane addLine
INFO: Generated closed area: AREA{ lines= 
L{ POINT(10.0,20.0) , POINT(20.0,30.0) color = 0 0 0 } 
L{ POINT(20.0,30.0) , POINT(40.0,20.0) color = 0 0 0 } 
L{ POINT(40.0,20.0) , POINT(120.0,17.0) color = 0 0 0 } 
L{ POINT(120.0,17.0) , POINT(10.0,20.0) color = 0 0 0 } 
, color= 255 255 255 }
ago 16, 2022 3:25:47 PM it.unicam.cs.pa2122.TomaMatteo116781.model.interfaces.Instruction checkCursorAtBorder
INFO: Posizione attuale del cursore POINT(80.0,50.0)
ago 16, 2022 3:25:47 PM it.unicam.cs.pa2122.TomaMatteo116781.model.interfaces.Instruction move
INFO: Linea creata: L{ POINT(80.0,100.0) , POINT(80.0,50.0) color = 0 0 0 } 
ago 16, 2022 3:25:47 PM it.unicam.cs.pa2122.TomaMatteo116781.model.interfaces.Instruction checkCursorAtBorder
INFO: Posizione attuale del cursore POINT(550.0,500.0)
ago 16, 2022 3:25:47 PM it.unicam.cs.pa2122.TomaMatteo116781.model.interfaces.Instruction move
INFO: Linea creata: L{ POINT(500.0,500.0) , POINT(550.0,500.0) color = 0 0 0 } 
ago 16, 2022 3:25:47 PM it.unicam.cs.pa2122.TomaMatteo116781.model.interfaces.Instruction checkCursorAtBorder
INFO: Posizione attuale del cursore POINT(550.0,450.0)
ago 16, 2022 3:25:47 PM it.unicam.cs.pa2122.TomaMatteo116781.model.interfaces.Instruction move
INFO: Linea creata: L{ POINT(550.0,500.0) , POINT(550.0,450.0) color = 0 0 0 } 
ago 16, 2022 3:25:47 PM it.unicam.cs.pa2122.TomaMatteo116781.model.interfaces.Instruction checkCursorAtBorder
INFO: Posizione attuale del cursore POINT(500.0,450.0)
ago 16, 2022 3:25:47 PM it.unicam.cs.pa2122.TomaMatteo116781.model.interfaces.Instruction move
INFO: Linea creata: L{ POINT(550.0,450.0) , POINT(500.0,450.0) color = 0 0 0 } 
ago 16, 2022 3:25:47 PM it.unicam.cs.pa2122.TomaMatteo116781.model.interfaces.Instruction checkCursorAtBorder
INFO: Posizione attuale del cursore POINT(500.0,500.0)
ago 16, 2022 3:25:47 PM it.unicam.cs.pa2122.TomaMatteo116781.model.DefaultPlane addLine
INFO: Generated closed area: AREA{ lines= 
L{ POINT(500.0,500.0) , POINT(550.0,500.0) color = 0 0 0 } 
L{ POINT(550.0,500.0) , POINT(550.0,450.0) color = 0 0 0 } 
L{ POINT(550.0,450.0) , POINT(500.0,450.0) color = 0 0 0 } 
L{ POINT(500.0,450.0) , POINT(500.0,500.0) color = 0 0 0 } 
, color= 255 0 0 }
ago 16, 2022 3:25:47 PM it.unicam.cs.pa2122.TomaMatteo116781.model.interfaces.Instruction move
INFO: Linea creata: L{ POINT(500.0,450.0) , POINT(500.0,500.0) color = 0 0 0 } 
ago 16, 2022 3:25:47 PM it.unicam.cs.pa2122.TomaMatteo116781.model.interfaces.Instruction checkCursorAtBorder
INFO: Posizione attuale del cursore POINT(200.0,150.0)
ago 16, 2022 3:25:47 PM it.unicam.cs.pa2122.TomaMatteo116781.model.interfaces.Instruction move
INFO: Cursore mosso dalla posizione vecchiaPOINT(150.0,150.0) a quella nuova POINT(200.0,150.0)
ago 16, 2022 3:25:47 PM it.unicam.cs.pa2122.TomaMatteo116781.model.interfaces.Instruction checkCursorAtBorder
INFO: Posizione attuale del cursore POINT(172.0,150.0)
ago 16, 2022 3:25:47 PM it.unicam.cs.pa2122.TomaMatteo116781.model.interfaces.Instruction move
INFO: Linea creata: L{ POINT(200.0,150.0) , POINT(172.0,150.0) color = 0 0 0 } 
ago 16, 2022 3:25:47 PM it.unicam.cs.pa2122.TomaMatteo116781.model.interfaces.Instruction checkCursorAtBorder
INFO: Posizione attuale del cursore POINT(5.0,50.0)
ago 16, 2022 3:25:47 PM it.unicam.cs.pa2122.TomaMatteo116781.model.interfaces.Instruction move
INFO: Linea creata: L{ POINT(25.0,50.0) , POINT(5.0,50.0) color = 0 0 0 } 
ago 16, 2022 3:25:47 PM it.unicam.cs.pa2122.TomaMatteo116781.model.interfaces.Instruction checkCursorAtBorder
INFO: Posizione attuale del cursore POINT(5.0,0.0)
ago 16, 2022 3:25:47 PM it.unicam.cs.pa2122.TomaMatteo116781.model.interfaces.Instruction move
INFO: Linea creata: L{ POINT(5.0,50.0) , POINT(5.0,0.0) color = 0 0 0 } 
ago 16, 2022 3:25:47 PM it.unicam.cs.pa2122.TomaMatteo116781.model.interfaces.Instruction checkCursorAtBorder
INFO: Posizione attuale del cursore POINT(5.0,80.0)
ago 16, 2022 3:25:47 PM it.unicam.cs.pa2122.TomaMatteo116781.model.interfaces.Instruction move
INFO: Linea creata: L{ POINT(5.0,0.0) , POINT(5.0,80.0) color = 0 0 0 } 
ago 16, 2022 3:25:47 PM it.unicam.cs.pa2122.TomaMatteo116781.model.interfaces.Instruction checkCursorAtBorder
INFO: Posizione attuale del cursore POINT(5.0,40.0)
ago 16, 2022 3:25:47 PM it.unicam.cs.pa2122.TomaMatteo116781.model.interfaces.Instruction move
INFO: Linea creata: L{ POINT(5.0,80.0) , POINT(5.0,40.0) color = 0 0 0 } 
]]></system-err>
</testsuite>
