<?xml version="1.0" encoding="UTF-8"?>
<testsuite name="it.unicam.cs.pa2122.TomaMatteo116781.model.RGBColorTest" tests="3" skipped="0" failures="0" errors="0" timestamp="2022-08-17T15:53:07" hostname="LAPTOP-OK1UH1OH" time="0.002">
  <properties/>
  <testcase name="testToString()" classname="it.unicam.cs.pa2122.TomaMatteo116781.model.RGBColorTest" time="0.001"/>
  <testcase name="RGBColorShouldBeCreated()" classname="it.unicam.cs.pa2122.TomaMatteo116781.model.RGBColorTest" time="0.0"/>
  <testcase name="shouldThrowIllegalArgumentException()" classname="it.unicam.cs.pa2122.TomaMatteo116781.model.RGBColorTest" time="0.001"/>
  <system-out><![CDATA[]]></system-out>
  <system-err><![CDATA[]]></system-err>
</testsuite>
